Performing C SOURCE FILE Test CMAKE_HAVE_LIBC_PTHREAD failed with the following output:
Change Dir: /home/liguha/OS/LR3/build/CMakeFiles/CMakeTmp

Run Build Command(s):/usr/bin/make -f Makefile cmTC_7c798/fast && /usr/bin/make  -f CMakeFiles/cmTC_7c798.dir/build.make CMakeFiles/cmTC_7c798.dir/build
make[1]: вход в каталог «/home/liguha/OS/LR3/build/CMakeFiles/CMakeTmp»
Building C object CMakeFiles/cmTC_7c798.dir/src.c.o
/usr/bin/cc -DCMAKE_HAVE_LIBC_PTHREAD   -o CMakeFiles/cmTC_7c798.dir/src.c.o -c /home/liguha/OS/LR3/build/CMakeFiles/CMakeTmp/src.c
Linking C executable cmTC_7c798
/snap/cmake/1156/bin/cmake -E cmake_link_script CMakeFiles/cmTC_7c798.dir/link.txt --verbose=1
/usr/bin/cc CMakeFiles/cmTC_7c798.dir/src.c.o -o cmTC_7c798 
/usr/bin/ld: CMakeFiles/cmTC_7c798.dir/src.c.o: в функции «main»:
src.c:(.text+0x46): неопределённая ссылка на «pthread_create»
/usr/bin/ld: src.c:(.text+0x52): неопределённая ссылка на «pthread_detach»
/usr/bin/ld: src.c:(.text+0x5e): неопределённая ссылка на «pthread_cancel»
/usr/bin/ld: src.c:(.text+0x6f): неопределённая ссылка на «pthread_join»
collect2: error: ld returned 1 exit status
make[1]: *** [CMakeFiles/cmTC_7c798.dir/build.make:99: cmTC_7c798] Ошибка 1
make[1]: выход из каталога «/home/liguha/OS/LR3/build/CMakeFiles/CMakeTmp»
make: *** [Makefile:127: cmTC_7c798/fast] Ошибка 2


Source file was:
#include <pthread.h>

static void* test_func(void* data)
{
  return data;
}

int main(void)
{
  pthread_t thread;
  pthread_create(&thread, NULL, test_func, NULL);
  pthread_detach(thread);
  pthread_cancel(thread);
  pthread_join(thread, NULL);
  pthread_atfork(NULL, NULL, NULL);
  pthread_exit(NULL);

  return 0;
}

Determining if the function pthread_create exists in the pthreads failed with the following output:
Change Dir: /home/liguha/OS/LR3/build/CMakeFiles/CMakeTmp

Run Build Command(s):/usr/bin/make -f Makefile cmTC_66413/fast && /usr/bin/make  -f CMakeFiles/cmTC_66413.dir/build.make CMakeFiles/cmTC_66413.dir/build
make[1]: вход в каталог «/home/liguha/OS/LR3/build/CMakeFiles/CMakeTmp»
Building C object CMakeFiles/cmTC_66413.dir/CheckFunctionExists.c.o
/usr/bin/cc   -DCHECK_FUNCTION_EXISTS=pthread_create -o CMakeFiles/cmTC_66413.dir/CheckFunctionExists.c.o -c /snap/cmake/1156/share/cmake-3.24/Modules/CheckFunctionExists.c
Linking C executable cmTC_66413
/snap/cmake/1156/bin/cmake -E cmake_link_script CMakeFiles/cmTC_66413.dir/link.txt --verbose=1
/usr/bin/cc  -DCHECK_FUNCTION_EXISTS=pthread_create CMakeFiles/cmTC_66413.dir/CheckFunctionExists.c.o -o cmTC_66413  -lpthreads 
/usr/bin/ld: невозможно найти -lpthreads
collect2: error: ld returned 1 exit status
make[1]: *** [CMakeFiles/cmTC_66413.dir/build.make:99: cmTC_66413] Ошибка 1
make[1]: выход из каталога «/home/liguha/OS/LR3/build/CMakeFiles/CMakeTmp»
make: *** [Makefile:127: cmTC_66413/fast] Ошибка 2



