Performing C SOURCE FILE Test CMAKE_HAVE_LIBC_PTHREAD failed with the following output:
Change Dir: /home/liguha/OS/LR6-8/build/CMakeFiles/CMakeScratch/TryCompile-IslB23

Run Build Command(s):/usr/bin/make -f Makefile cmTC_09ef7/fast && /usr/bin/make  -f CMakeFiles/cmTC_09ef7.dir/build.make CMakeFiles/cmTC_09ef7.dir/build
make[1]: вход в каталог «/home/liguha/OS/LR6-8/build/CMakeFiles/CMakeScratch/TryCompile-IslB23»
Building C object CMakeFiles/cmTC_09ef7.dir/src.c.o
/usr/bin/cc -DCMAKE_HAVE_LIBC_PTHREAD   -o CMakeFiles/cmTC_09ef7.dir/src.c.o -c /home/liguha/OS/LR6-8/build/CMakeFiles/CMakeScratch/TryCompile-IslB23/src.c
Linking C executable cmTC_09ef7
/snap/cmake/1210/bin/cmake -E cmake_link_script CMakeFiles/cmTC_09ef7.dir/link.txt --verbose=1
/usr/bin/cc CMakeFiles/cmTC_09ef7.dir/src.c.o -o cmTC_09ef7 
/usr/bin/ld: CMakeFiles/cmTC_09ef7.dir/src.c.o: в функции «main»:
src.c:(.text+0x46): неопределённая ссылка на «pthread_create»
/usr/bin/ld: src.c:(.text+0x52): неопределённая ссылка на «pthread_detach»
/usr/bin/ld: src.c:(.text+0x5e): неопределённая ссылка на «pthread_cancel»
/usr/bin/ld: src.c:(.text+0x6f): неопределённая ссылка на «pthread_join»
collect2: error: ld returned 1 exit status
make[1]: *** [CMakeFiles/cmTC_09ef7.dir/build.make:99: cmTC_09ef7] Ошибка 1
make[1]: выход из каталога «/home/liguha/OS/LR6-8/build/CMakeFiles/CMakeScratch/TryCompile-IslB23»
make: *** [Makefile:127: cmTC_09ef7/fast] Ошибка 2


Source file was:
#include <pthread.h>

static void* test_func(void* data)
{
  return data;
}

int main(void)
{
  pthread_t thread;
  pthread_create(&thread, NULL, test_func, NULL);
  pthread_detach(thread);
  pthread_cancel(thread);
  pthread_join(thread, NULL);
  pthread_atfork(NULL, NULL, NULL);
  pthread_exit(NULL);

  return 0;
}


Determining if the function pthread_create exists in the pthreads failed with the following output:
Change Dir: /home/liguha/OS/LR6-8/build/CMakeFiles/CMakeScratch/TryCompile-PhAKi2

Run Build Command(s):/usr/bin/make -f Makefile cmTC_66e14/fast && /usr/bin/make  -f CMakeFiles/cmTC_66e14.dir/build.make CMakeFiles/cmTC_66e14.dir/build
make[1]: вход в каталог «/home/liguha/OS/LR6-8/build/CMakeFiles/CMakeScratch/TryCompile-PhAKi2»
Building C object CMakeFiles/cmTC_66e14.dir/CheckFunctionExists.c.o
/usr/bin/cc   -DCHECK_FUNCTION_EXISTS=pthread_create -o CMakeFiles/cmTC_66e14.dir/CheckFunctionExists.c.o -c /home/liguha/OS/LR6-8/build/CMakeFiles/CMakeScratch/TryCompile-PhAKi2/CheckFunctionExists.c
Linking C executable cmTC_66e14
/snap/cmake/1210/bin/cmake -E cmake_link_script CMakeFiles/cmTC_66e14.dir/link.txt --verbose=1
/usr/bin/cc  -DCHECK_FUNCTION_EXISTS=pthread_create CMakeFiles/cmTC_66e14.dir/CheckFunctionExists.c.o -o cmTC_66e14  -lpthreads 
/usr/bin/ld: невозможно найти -lpthreads
collect2: error: ld returned 1 exit status
make[1]: *** [CMakeFiles/cmTC_66e14.dir/build.make:99: cmTC_66e14] Ошибка 1
make[1]: выход из каталога «/home/liguha/OS/LR6-8/build/CMakeFiles/CMakeScratch/TryCompile-PhAKi2»
make: *** [Makefile:127: cmTC_66e14/fast] Ошибка 2



